This file contains any messages produced by compilers while
running configure, to aid debugging if configure makes a mistake.

It was created by Nathaniel configure 1.0, which was
generated by GNU Autoconf 2.69.  Invocation command line was

  $ ./configure 

## --------- ##
## Platform. ##
## --------- ##

hostname = ruairi-Lenovo-IdeaPad-Y500
uname -m = x86_64
uname -r = 3.11.0-15-generic
uname -s = Linux
uname -v = #23-Ubuntu SMP Mon Dec 9 18:17:04 UTC 2013

/usr/bin/uname -p = unknown
/bin/uname -X     = unknown

/bin/arch              = unknown
/usr/bin/arch -k       = unknown
/usr/convex/getsysinfo = unknown
/usr/bin/hostinfo      = unknown
/bin/machine           = unknown
/usr/bin/oslevel       = unknown
/bin/universe          = unknown

PATH: /usr/lib/lightdm/lightdm
PATH: /usr/local/sbin
PATH: /usr/local/bin
PATH: /usr/sbin
PATH: /usr/bin
PATH: /sbin
PATH: /bin
PATH: /usr/games
PATH: /usr/local/games
PATH: /usr/lib/jvm/java-7-oracle/bin
PATH: /usr/lib/jvm/java-7-oracle/db/bin
PATH: /usr/lib/jvm/java-7-oracle/jre/bin
PATH: ~/Dev/mongo/mongodb-linux-x86_64-2.4.9/bin
PATH: ~/Dev/pycharm-3.0.2/bin


## ----------- ##
## Core tests. ##
## ----------- ##

configure:2225: checking for a BSD-compatible install
configure:2293: result: /usr/bin/install -c
configure:2304: checking whether build environment is sane
configure:2359: result: yes
configure:2510: checking for a thread-safe mkdir -p
configure:2549: result: /bin/mkdir -p
configure:2556: checking for gawk
configure:2586: result: no
configure:2556: checking for mawk
configure:2572: found /usr/bin/mawk
configure:2583: result: mawk
configure:2594: checking whether make sets $(MAKE)
configure:2616: result: yes
configure:2645: checking whether make supports nested variables
configure:2662: result: yes
configure:2800: checking for gcc
configure:2816: found /usr/bin/gcc
configure:2827: result: gcc
configure:3056: checking for C compiler version
configure:3065: gcc --version >&5
gcc (Ubuntu/Linaro 4.8.1-10ubuntu9) 4.8.1
Copyright (C) 2013 Free Software Foundation, Inc.
This is free software; see the source for copying conditions.  There is NO
warranty; not even for MERCHANTABILITY or FITNESS FOR A PARTICULAR PURPOSE.

configure:3076: $? = 0
configure:3065: gcc -v >&5
Using built-in specs.
COLLECT_GCC=gcc
COLLECT_LTO_WRAPPER=/usr/lib/gcc/x86_64-linux-gnu/4.8/lto-wrapper
Target: x86_64-linux-gnu
Configured with: ../src/configure -v --with-pkgversion='Ubuntu/Linaro 4.8.1-10ubuntu9' --with-bugurl=file:///usr/share/doc/gcc-4.8/README.Bugs --enable-languages=c,c++,java,go,d,fortran,objc,obj-c++ --prefix=/usr --program-suffix=-4.8 --enable-shared --enable-linker-build-id --libexecdir=/usr/lib --without-included-gettext --enable-threads=posix --with-gxx-include-dir=/usr/include/c++/4.8 --libdir=/usr/lib --enable-nls --with-sysroot=/ --enable-clocale=gnu --enable-libstdcxx-debug --enable-libstdcxx-time=yes --enable-gnu-unique-object --enable-plugin --with-system-zlib --disable-browser-plugin --enable-java-awt=gtk --enable-gtk-cairo --with-java-home=/usr/lib/jvm/java-1.5.0-gcj-4.8-amd64/jre --enable-java-home --with-jvm-root-dir=/usr/lib/jvm/java-1.5.0-gcj-4.8-amd64 --with-jvm-jar-dir=/usr/lib/jvm-exports/java-1.5.0-gcj-4.8-amd64 --with-arch-directory=amd64 --with-ecj-jar=/usr/share/java/eclipse-ecj.jar --enable-objc-gc --enable-multiarch --disable-werror --with-arch-32=i686 --with-abi=m64 --with-multilib-list=m32,m64,mx32 --with-tune=generic --enable-checking=release --build=x86_64-linux-gnu --host=x86_64-linux-gnu --target=x86_64-linux-gnu
Thread model: posix
gcc version 4.8.1 (Ubuntu/Linaro 4.8.1-10ubuntu9) 
configure:3076: $? = 0
configure:3065: gcc -V >&5
gcc: error: unrecognized command line option '-V'
gcc: fatal error: no input files
compilation terminated.
configure:3076: $? = 4
configure:3065: gcc -qversion >&5
gcc: error: unrecognized command line option '-qversion'
gcc: fatal error: no input files
compilation terminated.
configure:3076: $? = 4
configure:3096: checking whether the C compiler works
configure:3118: gcc    conftest.c  >&5
configure:3122: $? = 0
configure:3170: result: yes
configure:3173: checking for C compiler default output file name
configure:3175: result: a.out
configure:3181: checking for suffix of executables
configure:3188: gcc -o conftest    conftest.c  >&5
configure:3192: $? = 0
configure:3214: result: 
configure:3236: checking whether we are cross compiling
configure:3244: gcc -o conftest    conftest.c  >&5
configure:3248: $? = 0
configure:3255: ./conftest
configure:3259: $? = 0
configure:3274: result: no
configure:3279: checking for suffix of object files
configure:3301: gcc -c   conftest.c >&5
configure:3305: $? = 0
configure:3326: result: o
configure:3330: checking whether we are using the GNU C compiler
configure:3349: gcc -c   conftest.c >&5
configure:3349: $? = 0
configure:3358: result: yes
configure:3367: checking whether gcc accepts -g
configure:3387: gcc -c -g  conftest.c >&5
configure:3387: $? = 0
configure:3428: result: yes
configure:3445: checking for gcc option to accept ISO C89
configure:3508: gcc  -c -g -O2  conftest.c >&5
configure:3508: $? = 0
configure:3521: result: none needed
configure:3552: checking for style of include used by make
configure:3580: result: GNU
configure:3606: checking dependency style of gcc
configure:3717: result: gcc3
configure:3790: checking for g++
configure:3806: found /usr/bin/g++
configure:3817: result: g++
configure:3844: checking for C++ compiler version
configure:3853: g++ --version >&5
g++ (Ubuntu/Linaro 4.8.1-10ubuntu9) 4.8.1
Copyright (C) 2013 Free Software Foundation, Inc.
This is free software; see the source for copying conditions.  There is NO
warranty; not even for MERCHANTABILITY or FITNESS FOR A PARTICULAR PURPOSE.

configure:3864: $? = 0
configure:3853: g++ -v >&5
Using built-in specs.
COLLECT_GCC=g++
COLLECT_LTO_WRAPPER=/usr/lib/gcc/x86_64-linux-gnu/4.8/lto-wrapper
Target: x86_64-linux-gnu
Configured with: ../src/configure -v --with-pkgversion='Ubuntu/Linaro 4.8.1-10ubuntu9' --with-bugurl=file:///usr/share/doc/gcc-4.8/README.Bugs --enable-languages=c,c++,java,go,d,fortran,objc,obj-c++ --prefix=/usr --program-suffix=-4.8 --enable-shared --enable-linker-build-id --libexecdir=/usr/lib --without-included-gettext --enable-threads=posix --with-gxx-include-dir=/usr/include/c++/4.8 --libdir=/usr/lib --enable-nls --with-sysroot=/ --enable-clocale=gnu --enable-libstdcxx-debug --enable-libstdcxx-time=yes --enable-gnu-unique-object --enable-plugin --with-system-zlib --disable-browser-plugin --enable-java-awt=gtk --enable-gtk-cairo --with-java-home=/usr/lib/jvm/java-1.5.0-gcj-4.8-amd64/jre --enable-java-home --with-jvm-root-dir=/usr/lib/jvm/java-1.5.0-gcj-4.8-amd64 --with-jvm-jar-dir=/usr/lib/jvm-exports/java-1.5.0-gcj-4.8-amd64 --with-arch-directory=amd64 --with-ecj-jar=/usr/share/java/eclipse-ecj.jar --enable-objc-gc --enable-multiarch --disable-werror --with-arch-32=i686 --with-abi=m64 --with-multilib-list=m32,m64,mx32 --with-tune=generic --enable-checking=release --build=x86_64-linux-gnu --host=x86_64-linux-gnu --target=x86_64-linux-gnu
Thread model: posix
gcc version 4.8.1 (Ubuntu/Linaro 4.8.1-10ubuntu9) 
configure:3864: $? = 0
configure:3853: g++ -V >&5
g++: error: unrecognized command line option '-V'
g++: fatal error: no input files
compilation terminated.
configure:3864: $? = 4
configure:3853: g++ -qversion >&5
g++: error: unrecognized command line option '-qversion'
g++: fatal error: no input files
compilation terminated.
configure:3864: $? = 4
configure:3868: checking whether we are using the GNU C++ compiler
configure:3887: g++ -c   conftest.cpp >&5
configure:3887: $? = 0
configure:3896: result: yes
configure:3905: checking whether g++ accepts -g
configure:3925: g++ -c -g  conftest.cpp >&5
configure:3925: $? = 0
configure:3966: result: yes
configure:3991: checking dependency style of g++
configure:4102: result: gcc3
configure:4120: checking for SDL_SetVideoMode in -lSDL
configure:4145: gcc -o conftest -g -O2   conftest.c -lSDL   >&5
configure:4145: $? = 0
configure:4154: result: yes
configure:4165: checking for IMG_Load in -lSDL_image
configure:4190: gcc -o conftest -g -O2   conftest.c -lSDL_image  -lSDL  >&5
configure:4190: $? = 0
configure:4199: result: yes
configure:4210: checking for glPushMatrix in -lGL
configure:4235: gcc -o conftest -g -O2   conftest.c -lGL  -lSDL_image -lSDL  >&5
configure:4235: $? = 0
configure:4244: result: yes
configure:4255: checking for gluLookAt in -lGLU
configure:4280: gcc -o conftest -g -O2   conftest.c -lGLU  -lGL -lSDL_image -lSDL  >&5
configure:4280: $? = 0
configure:4289: result: yes
configure:4300: checking for glutPostRedisplay in -lglut
configure:4325: gcc -o conftest -g -O2   conftest.c -lglut  -lGLU -lGL -lSDL_image -lSDL  >&5
configure:4325: $? = 0
configure:4334: result: yes
configure:4345: checking for pow in -lm
configure:4370: gcc -o conftest -g -O2   conftest.c -lm  -lglut -lGLU -lGL -lSDL_image -lSDL  >&5
conftest.c:23:6: warning: conflicting types for built-in function 'pow' [enabled by default]
 char pow ();
      ^
configure:4370: $? = 0
configure:4379: result: yes
configure:4397: checking how to run the C preprocessor
configure:4428: gcc -E  conftest.c
configure:4428: $? = 0
configure:4442: gcc -E  conftest.c
conftest.c:17:28: fatal error: ac_nonexistent.h: No such file or directory
 #include <ac_nonexistent.h>
                            ^
compilation terminated.
configure:4442: $? = 1
configure: failed program was:
| /* confdefs.h */
| #define PACKAGE_NAME "Nathaniel"
| #define PACKAGE_TARNAME "nathaniel"
| #define PACKAGE_VERSION "1.0"
| #define PACKAGE_STRING "Nathaniel 1.0"
| #define PACKAGE_BUGREPORT "ruairitobrien@gmail.com"
| #define PACKAGE_URL ""
| #define PACKAGE "nathaniel"
| #define VERSION "1.0"
| #define HAVE_LIBSDL 1
| #define HAVE_LIBSDL_IMAGE 1
| #define HAVE_LIBGL 1
| #define HAVE_LIBGLU 1
| #define HAVE_LIBGLUT 1
| #define HAVE_LIBM 1
| /* end confdefs.h.  */
| #include <ac_nonexistent.h>
configure:4467: result: gcc -E
configure:4487: gcc -E  conftest.c
configure:4487: $? = 0
configure:4501: gcc -E  conftest.c
conftest.c:17:28: fatal error: ac_nonexistent.h: No such file or directory
 #include <ac_nonexistent.h>
                            ^
compilation terminated.
configure:4501: $? = 1
configure: failed program was:
| /* confdefs.h */
| #define PACKAGE_NAME "Nathaniel"
| #define PACKAGE_TARNAME "nathaniel"
| #define PACKAGE_VERSION "1.0"
| #define PACKAGE_STRING "Nathaniel 1.0"
| #define PACKAGE_BUGREPORT "ruairitobrien@gmail.com"
| #define PACKAGE_URL ""
| #define PACKAGE "nathaniel"
| #define VERSION "1.0"
| #define HAVE_LIBSDL 1
| #define HAVE_LIBSDL_IMAGE 1
| #define HAVE_LIBGL 1
| #define HAVE_LIBGLU 1
| #define HAVE_LIBGLUT 1
| #define HAVE_LIBM 1
| /* end confdefs.h.  */
| #include <ac_nonexistent.h>
configure:4530: checking for grep that handles long lines and -e
configure:4588: result: /bin/grep
configure:4593: checking for egrep
configure:4655: result: /bin/grep -E
configure:4660: checking for ANSI C header files
configure:4680: gcc -c -g -O2  conftest.c >&5
configure:4680: $? = 0
configure:4753: gcc -o conftest -g -O2   conftest.c -lm -lglut -lGLU -lGL -lSDL_image -lSDL  >&5
configure:4753: $? = 0
configure:4753: ./conftest
configure:4753: $? = 0
configure:4764: result: yes
configure:4777: checking for sys/types.h
configure:4777: gcc -c -g -O2  conftest.c >&5
configure:4777: $? = 0
configure:4777: result: yes
configure:4777: checking for sys/stat.h
configure:4777: gcc -c -g -O2  conftest.c >&5
configure:4777: $? = 0
configure:4777: result: yes
configure:4777: checking for stdlib.h
configure:4777: gcc -c -g -O2  conftest.c >&5
configure:4777: $? = 0
configure:4777: result: yes
configure:4777: checking for string.h
configure:4777: gcc -c -g -O2  conftest.c >&5
configure:4777: $? = 0
configure:4777: result: yes
configure:4777: checking for memory.h
configure:4777: gcc -c -g -O2  conftest.c >&5
configure:4777: $? = 0
configure:4777: result: yes
configure:4777: checking for strings.h
configure:4777: gcc -c -g -O2  conftest.c >&5
configure:4777: $? = 0
configure:4777: result: yes
configure:4777: checking for inttypes.h
configure:4777: gcc -c -g -O2  conftest.c >&5
configure:4777: $? = 0
configure:4777: result: yes
configure:4777: checking for stdint.h
configure:4777: gcc -c -g -O2  conftest.c >&5
configure:4777: $? = 0
configure:4777: result: yes
configure:4777: checking for unistd.h
configure:4777: gcc -c -g -O2  conftest.c >&5
configure:4777: $? = 0
configure:4777: result: yes
configure:4791: checking for stdlib.h
configure:4791: result: yes
configure:4803: checking for stdbool.h that conforms to C99
configure:4870: gcc -c -g -O2  conftest.c >&5
configure:4870: $? = 0
configure:4877: result: yes
configure:4879: checking for _Bool
configure:4879: gcc -c -g -O2  conftest.c >&5
configure:4879: $? = 0
configure:4879: gcc -c -g -O2  conftest.c >&5
conftest.c: In function 'main':
conftest.c:64:20: error: expected expression before ')' token
 if (sizeof ((_Bool)))
                    ^
configure:4879: $? = 1
configure: failed program was:
| /* confdefs.h */
| #define PACKAGE_NAME "Nathaniel"
| #define PACKAGE_TARNAME "nathaniel"
| #define PACKAGE_VERSION "1.0"
| #define PACKAGE_STRING "Nathaniel 1.0"
| #define PACKAGE_BUGREPORT "ruairitobrien@gmail.com"
| #define PACKAGE_URL ""
| #define PACKAGE "nathaniel"
| #define VERSION "1.0"
| #define HAVE_LIBSDL 1
| #define HAVE_LIBSDL_IMAGE 1
| #define HAVE_LIBGL 1
| #define HAVE_LIBGLU 1
| #define HAVE_LIBGLUT 1
| #define HAVE_LIBM 1
| #define STDC_HEADERS 1
| #define HAVE_SYS_TYPES_H 1
| #define HAVE_SYS_STAT_H 1
| #define HAVE_STDLIB_H 1
| #define HAVE_STRING_H 1
| #define HAVE_MEMORY_H 1
| #define HAVE_STRINGS_H 1
| #define HAVE_INTTYPES_H 1
| #define HAVE_STDINT_H 1
| #define HAVE_UNISTD_H 1
| #define HAVE_STDLIB_H 1
| /* end confdefs.h.  */
| #include <stdio.h>
| #ifdef HAVE_SYS_TYPES_H
| # include <sys/types.h>
| #endif
| #ifdef HAVE_SYS_STAT_H
| # include <sys/stat.h>
| #endif
| #ifdef STDC_HEADERS
| # include <stdlib.h>
| # include <stddef.h>
| #else
| # ifdef HAVE_STDLIB_H
| #  include <stdlib.h>
| # endif
| #endif
| #ifdef HAVE_STRING_H
| # if !defined STDC_HEADERS && defined HAVE_MEMORY_H
| #  include <memory.h>
| # endif
| # include <string.h>
| #endif
| #ifdef HAVE_STRINGS_H
| # include <strings.h>
| #endif
| #ifdef HAVE_INTTYPES_H
| # include <inttypes.h>
| #endif
| #ifdef HAVE_STDINT_H
| # include <stdint.h>
| #endif
| #ifdef HAVE_UNISTD_H
| # include <unistd.h>
| #endif
| int
| main ()
| {
| if (sizeof ((_Bool)))
| 	    return 0;
|   ;
|   return 0;
| }
configure:4879: result: yes
configure:5004: checking that generated files are newer than configure
configure:5010: result: done
configure:5037: creating ./config.status

## ---------------------- ##
## Running config.status. ##
## ---------------------- ##

This file was extended by Nathaniel config.status 1.0, which was
generated by GNU Autoconf 2.69.  Invocation command line was

  CONFIG_FILES    = 
  CONFIG_HEADERS  = 
  CONFIG_LINKS    = 
  CONFIG_COMMANDS = 
  $ ./config.status 

on ruairi-Lenovo-IdeaPad-Y500

config.status:867: creating Makefile
config.status:867: creating src/Makefile
config.status:867: creating config.h
config.status:1096: executing depfiles commands

## ---------------- ##
## Cache variables. ##
## ---------------- ##

ac_cv_c_compiler_gnu=yes
ac_cv_cxx_compiler_gnu=yes
ac_cv_env_CCC_set=
ac_cv_env_CCC_value=
ac_cv_env_CC_set=
ac_cv_env_CC_value=
ac_cv_env_CFLAGS_set=
ac_cv_env_CFLAGS_value=
ac_cv_env_CPPFLAGS_set=
ac_cv_env_CPPFLAGS_value=
ac_cv_env_CPP_set=
ac_cv_env_CPP_value=
ac_cv_env_CXXFLAGS_set=
ac_cv_env_CXXFLAGS_value=
ac_cv_env_CXX_set=
ac_cv_env_CXX_value=
ac_cv_env_LDFLAGS_set=
ac_cv_env_LDFLAGS_value=
ac_cv_env_LIBS_set=
ac_cv_env_LIBS_value=
ac_cv_env_build_alias_set=
ac_cv_env_build_alias_value=
ac_cv_env_host_alias_set=
ac_cv_env_host_alias_value=
ac_cv_env_target_alias_set=
ac_cv_env_target_alias_value=
ac_cv_header_inttypes_h=yes
ac_cv_header_memory_h=yes
ac_cv_header_stdbool_h=yes
ac_cv_header_stdc=yes
ac_cv_header_stdint_h=yes
ac_cv_header_stdlib_h=yes
ac_cv_header_string_h=yes
ac_cv_header_strings_h=yes
ac_cv_header_sys_stat_h=yes
ac_cv_header_sys_types_h=yes
ac_cv_header_unistd_h=yes
ac_cv_lib_GLU_gluLookAt=yes
ac_cv_lib_GL_glPushMatrix=yes
ac_cv_lib_SDL_SDL_SetVideoMode=yes
ac_cv_lib_SDL_image_IMG_Load=yes
ac_cv_lib_glut_glutPostRedisplay=yes
ac_cv_lib_m_pow=yes
ac_cv_objext=o
ac_cv_path_EGREP='/bin/grep -E'
ac_cv_path_GREP=/bin/grep
ac_cv_path_install='/usr/bin/install -c'
ac_cv_path_mkdir=/bin/mkdir
ac_cv_prog_AWK=mawk
ac_cv_prog_CPP='gcc -E'
ac_cv_prog_ac_ct_CC=gcc
ac_cv_prog_ac_ct_CXX=g++
ac_cv_prog_cc_c89=
ac_cv_prog_cc_g=yes
ac_cv_prog_cxx_g=yes
ac_cv_prog_make_make_set=yes
ac_cv_type__Bool=yes
am_cv_CC_dependencies_compiler_type=gcc3
am_cv_CXX_dependencies_compiler_type=gcc3
am_cv_make_support_nested_variables=yes

## ----------------- ##
## Output variables. ##
## ----------------- ##

ACLOCAL='${SHELL} /home/ruairi/Dev/nathaniel/missing aclocal-1.13'
AMDEPBACKSLASH='\'
AMDEP_FALSE='#'
AMDEP_TRUE=''
AMTAR='$${TAR-tar}'
AM_BACKSLASH='\'
AM_DEFAULT_V='$(AM_DEFAULT_VERBOSITY)'
AM_DEFAULT_VERBOSITY='1'
AM_V='$(V)'
AUTOCONF='${SHELL} /home/ruairi/Dev/nathaniel/missing autoconf'
AUTOHEADER='${SHELL} /home/ruairi/Dev/nathaniel/missing autoheader'
AUTOMAKE='${SHELL} /home/ruairi/Dev/nathaniel/missing automake-1.13'
AWK='mawk'
CC='gcc'
CCDEPMODE='depmode=gcc3'
CFLAGS='-g -O2'
CPP='gcc -E'
CPPFLAGS=''
CXX='g++'
CXXDEPMODE='depmode=gcc3'
CXXFLAGS='-g -O2'
CYGPATH_W='echo'
DEFS='-DHAVE_CONFIG_H'
DEPDIR='.deps'
ECHO_C=''
ECHO_N='-n'
ECHO_T=''
EGREP='/bin/grep -E'
EXEEXT=''
GREP='/bin/grep'
INSTALL_DATA='${INSTALL} -m 644'
INSTALL_PROGRAM='${INSTALL}'
INSTALL_SCRIPT='${INSTALL}'
INSTALL_STRIP_PROGRAM='$(install_sh) -c -s'
LDFLAGS=''
LIBOBJS=''
LIBS='-lm -lglut -lGLU -lGL -lSDL_image -lSDL '
LTLIBOBJS=''
MAKEINFO='${SHELL} /home/ruairi/Dev/nathaniel/missing makeinfo'
MKDIR_P='/bin/mkdir -p'
OBJEXT='o'
PACKAGE='nathaniel'
PACKAGE_BUGREPORT='ruairitobrien@gmail.com'
PACKAGE_NAME='Nathaniel'
PACKAGE_STRING='Nathaniel 1.0'
PACKAGE_TARNAME='nathaniel'
PACKAGE_URL=''
PACKAGE_VERSION='1.0'
PATH_SEPARATOR=':'
SET_MAKE=''
SHELL='/bin/bash'
STRIP=''
VERSION='1.0'
ac_ct_CC='gcc'
ac_ct_CXX='g++'
am__EXEEXT_FALSE=''
am__EXEEXT_TRUE='#'
am__fastdepCC_FALSE='#'
am__fastdepCC_TRUE=''
am__fastdepCXX_FALSE='#'
am__fastdepCXX_TRUE=''
am__include='include'
am__isrc=''
am__leading_dot='.'
am__nodep='_no'
am__quote=''
am__tar='$${TAR-tar} chof - "$$tardir"'
am__untar='$${TAR-tar} xf -'
bindir='${exec_prefix}/bin'
build_alias=''
datadir='${datarootdir}'
datarootdir='${prefix}/share'
docdir='${datarootdir}/doc/${PACKAGE_TARNAME}'
dvidir='${docdir}'
exec_prefix='${prefix}'
host_alias=''
htmldir='${docdir}'
includedir='${prefix}/include'
infodir='${datarootdir}/info'
install_sh='${SHELL} /home/ruairi/Dev/nathaniel/install-sh'
libdir='${exec_prefix}/lib'
libexecdir='${exec_prefix}/libexec'
localedir='${datarootdir}/locale'
localstatedir='${prefix}/var'
mandir='${datarootdir}/man'
mkdir_p='$(MKDIR_P)'
oldincludedir='/usr/include'
pdfdir='${docdir}'
prefix='/usr/local'
program_transform_name='s,x,x,'
psdir='${docdir}'
sbindir='${exec_prefix}/sbin'
sharedstatedir='${prefix}/com'
sysconfdir='${prefix}/etc'
target_alias=''

## ----------- ##
## confdefs.h. ##
## ----------- ##

/* confdefs.h */
#define PACKAGE_NAME "Nathaniel"
#define PACKAGE_TARNAME "nathaniel"
#define PACKAGE_VERSION "1.0"
#define PACKAGE_STRING "Nathaniel 1.0"
#define PACKAGE_BUGREPORT "ruairitobrien@gmail.com"
#define PACKAGE_URL ""
#define PACKAGE "nathaniel"
#define VERSION "1.0"
#define HAVE_LIBSDL 1
#define HAVE_LIBSDL_IMAGE 1
#define HAVE_LIBGL 1
#define HAVE_LIBGLU 1
#define HAVE_LIBGLUT 1
#define HAVE_LIBM 1
#define STDC_HEADERS 1
#define HAVE_SYS_TYPES_H 1
#define HAVE_SYS_STAT_H 1
#define HAVE_STDLIB_H 1
#define HAVE_STRING_H 1
#define HAVE_MEMORY_H 1
#define HAVE_STRINGS_H 1
#define HAVE_INTTYPES_H 1
#define HAVE_STDINT_H 1
#define HAVE_UNISTD_H 1
#define HAVE_STDLIB_H 1
#define HAVE__BOOL 1

configure: exit 0
